<?xml version="1.0" encoding="UTF-8"?>
<testsuite name="com.stratio.common.utils.components.repository.RepositoryComponentTest" time="0" tests="16" errors="0" skipped="0" failures="0">
  <properties>
[...]
</properties>
  <testcase name="A repository component when get an element should return an option with the value if the key exists [Scala 2.11]" classname="com.stratio.common.utils.components.repository.RepositoryComponentTest" time="0"/>
  <testcase name="A repository component when get an element should return None if the key doesn't exist [Scala 2.11]" classname="com.stratio.common.utils.components.repository.RepositoryComponentTest" time="0"/>
  <testcase name="A repository component when getAll elements should return all elements if the operation is successful [Scala 2.11]" classname="com.stratio.common.utils.components.repository.RepositoryComponentTest" time="0"/>
  <testcase name="A repository component when getAll elements should return and empty list if the operation is not successful [Scala 2.11]" classname="com.stratio.common.utils.components.repository.RepositoryComponentTest" time="0"/>
  <testcase name="A repository component when getNodes elements should return all nodes if the operation is successful [Scala 2.11]" classname="com.stratio.common.utils.components.repository.RepositoryComponentTest" time="0"/>
  <testcase name="A repository component when getNodes elements should return and empty list if the operation is not successful [Scala 2.11]" classname="com.stratio.common.utils.components.repository.RepositoryComponentTest" time="0"/>
  <testcase name="A repository component when check if a value exists should return true if the value exists [Scala 2.11]" classname="com.stratio.common.utils.components.repository.RepositoryComponentTest" time="0"/>
  <testcase name="A repository component when check if a value exists should return false if the value doesn't exist [Scala 2.11]" classname="com.stratio.common.utils.components.repository.RepositoryComponentTest" time="0"/>
  <testcase name="A repository component when create a new value should return true if the operation is successful [Scala 2.11]" classname="com.stratio.common.utils.components.repository.RepositoryComponentTest" time="0"/>
  <testcase name="A repository component when create a new value should return false if the operation is not successful [Scala 2.11]" classname="com.stratio.common.utils.components.repository.RepositoryComponentTest" time="0"/>
  <testcase name="A repository component when remove a value should check that the element does not exist when it has been removed [Scala 2.11]" classname="com.stratio.common.utils.components.repository.RepositoryComponentTest" time="0"/>
  <testcase name="A repository component when remove a value should do anything when a not existing element is removed [Scala 2.11]" classname="com.stratio.common.utils.components.repository.RepositoryComponentTest" time="0"/>
  <testcase name="A repository component when remove all values should check that the element does not exist when it has been removed all [Scala 2.11]" classname="com.stratio.common.utils.components.repository.RepositoryComponentTest" time="0"/>
  <testcase name="A repository component when remove all values should do anything when a not existing element is removed all [Scala 2.11]" classname="com.stratio.common.utils.components.repository.RepositoryComponentTest" time="0"/>
  <testcase name="A repository component when update a value should check that the element has been updated with the new value [Scala 2.11]" classname="com.stratio.common.utils.components.repository.RepositoryComponentTest" time="0"/>
  <testcase name="A repository component when update a value should do anything when a not existing element is updated [Scala 2.11]" classname="com.stratio.common.utils.components.repository.RepositoryComponentTest" time="0"/>
</testsuite>